<?xml version="1.0" encoding="UTF-8"?>
<testng-results ignored="1" total="4" passed="2" failed="1" skipped="0">
  <reporter-output>
  </reporter-output>
  <suite started-at="2023-09-10T05:35:35 IST" name="Suite" finished-at="2023-09-10T05:36:27 IST" duration-ms="51204">
    <groups>
    </groups>
    <test started-at="2023-09-10T05:35:35 IST" name="Test" finished-at="2023-09-10T05:36:27 IST" duration-ms="51204">
      <class name="Sample.Test2">
        <test-method signature="SwagLabs()[pri:0, instance:Sample.Test2@4b8d604b]" started-at="2023-09-10T05:35:36 IST" name="SwagLabs" finished-at="2023-09-10T05:36:27 IST" duration-ms="51139" status="PASS">
          <reporter-output>
          </reporter-output>
        </test-method> <!-- SwagLabs -->
        <test-method signature="QSpidersDynamicdropdown()[pri:0, instance:Sample.Test2@4b8d604b]" started-at="2023-09-10T05:35:36 IST" name="QSpidersDynamicdropdown" finished-at="2023-09-10T05:36:09 IST" duration-ms="33422" status="PASS">
          <reporter-output>
          </reporter-output>
        </test-method> <!-- QSpidersDynamicdropdown -->
        <test-method signature="ICCRankings()[pri:0, instance:Sample.Test2@4b8d604b]" started-at="2023-09-10T05:35:36 IST" name="ICCRankings" finished-at="2023-09-10T05:36:12 IST" duration-ms="36899" status="FAIL">
          <exception class="java.lang.IndexOutOfBoundsException">
            <message>
              <![CDATA[Index 10 out of bounds for length 1]]>
            </message>
            <full-stacktrace>
              <![CDATA[java.lang.IndexOutOfBoundsException: Index 10 out of bounds for length 1
at java.base/jdk.internal.util.Preconditions.outOfBounds(Preconditions.java:64)
at java.base/jdk.internal.util.Preconditions.outOfBoundsCheckIndex(Preconditions.java:70)
at java.base/jdk.internal.util.Preconditions.checkIndex(Preconditions.java:266)
at java.base/java.util.Objects.checkIndex(Objects.java:359)
at java.base/java.util.ArrayList.get(ArrayList.java:427)
at Sample.Test2.ICCRankings(Test2.java:172)
at java.base/jdk.internal.reflect.NativeMethodAccessorImpl.invoke0(Native Method)
at java.base/jdk.internal.reflect.NativeMethodAccessorImpl.invoke(NativeMethodAccessorImpl.java:77)
at java.base/jdk.internal.reflect.DelegatingMethodAccessorImpl.invoke(DelegatingMethodAccessorImpl.java:43)
at java.base/java.lang.reflect.Method.invoke(Method.java:568)
at org.testng.internal.MethodInvocationHelper.invokeMethod(MethodInvocationHelper.java:133)
at org.testng.internal.TestInvoker.invokeMethod(TestInvoker.java:598)
at org.testng.internal.TestInvoker.invokeTestMethod(TestInvoker.java:173)
at org.testng.internal.MethodRunner.runInSequence(MethodRunner.java:46)
at org.testng.internal.TestInvoker$MethodInvocationAgent.invoke(TestInvoker.java:824)
at org.testng.internal.TestInvoker.invokeTestMethods(TestInvoker.java:146)
at org.testng.internal.TestMethodWorker.invokeTestMethods(TestMethodWorker.java:146)
at org.testng.internal.TestMethodWorker.run(TestMethodWorker.java:128)
at java.base/java.util.concurrent.ThreadPoolExecutor.runWorker(ThreadPoolExecutor.java:1136)
at java.base/java.util.concurrent.ThreadPoolExecutor$Worker.run(ThreadPoolExecutor.java:635)
at java.base/java.lang.Thread.run(Thread.java:833)
]]>
            </full-stacktrace>
          </exception> <!-- java.lang.IndexOutOfBoundsException -->
          <reporter-output>
          </reporter-output>
        </test-method> <!-- ICCRankings -->
      </class> <!-- Sample.Test2 -->
    </test> <!-- Test -->
  </suite> <!-- Suite -->
</testng-results>
