<?xml version="1.0" encoding="UTF-8"?>
<testng-results ignored="5" total="8" passed="2" failed="1" skipped="0">
  <reporter-output>
  </reporter-output>
  <suite started-at="2023-08-23T11:14:59 IST" name="Suite" finished-at="2023-08-23T11:15:38 IST" duration-ms="38526">
    <groups>
    </groups>
    <test started-at="2023-08-23T11:14:59 IST" name="Test2" finished-at="2023-08-23T11:15:34 IST" duration-ms="34020">
      <class name="Sample.Test2">
        <test-method signature="ICCRankings()[pri:0, instance:Sample.Test2@1807f5a7]" started-at="2023-08-23T11:15:00 IST" name="ICCRankings" finished-at="2023-08-23T11:15:21 IST" duration-ms="21474" status="FAIL">
          <exception class="java.lang.IndexOutOfBoundsException">
            <message>
              <![CDATA[Index 10 out of bounds for length 1]]>
            </message>
            <full-stacktrace>
              <![CDATA[java.lang.IndexOutOfBoundsException: Index 10 out of bounds for length 1
at java.base/jdk.internal.util.Preconditions.outOfBounds(Preconditions.java:64)
at java.base/jdk.internal.util.Preconditions.outOfBoundsCheckIndex(Preconditions.java:70)
at java.base/jdk.internal.util.Preconditions.checkIndex(Preconditions.java:266)
at java.base/java.util.Objects.checkIndex(Objects.java:359)
at java.base/java.util.ArrayList.get(ArrayList.java:427)
at Sample.Test2.ICCRankings(Test2.java:172)
at java.base/jdk.internal.reflect.NativeMethodAccessorImpl.invoke0(Native Method)
at java.base/jdk.internal.reflect.NativeMethodAccessorImpl.invoke(NativeMethodAccessorImpl.java:77)
at java.base/jdk.internal.reflect.DelegatingMethodAccessorImpl.invoke(DelegatingMethodAccessorImpl.java:43)
at java.base/java.lang.reflect.Method.invoke(Method.java:568)
at org.testng.internal.MethodInvocationHelper.invokeMethod(MethodInvocationHelper.java:133)
at org.testng.internal.TestInvoker.invokeMethod(TestInvoker.java:598)
at org.testng.internal.TestInvoker.invokeTestMethod(TestInvoker.java:173)
at org.testng.internal.MethodRunner.runInSequence(MethodRunner.java:46)
at org.testng.internal.TestInvoker$MethodInvocationAgent.invoke(TestInvoker.java:824)
at org.testng.internal.TestInvoker.invokeTestMethods(TestInvoker.java:146)
at org.testng.internal.TestMethodWorker.invokeTestMethods(TestMethodWorker.java:146)
at org.testng.internal.TestMethodWorker.run(TestMethodWorker.java:128)
at java.base/java.util.ArrayList.forEach(ArrayList.java:1511)
at org.testng.TestRunner.privateRun(TestRunner.java:794)
at org.testng.TestRunner.run(TestRunner.java:596)
at org.testng.SuiteRunner.runTest(SuiteRunner.java:377)
at org.testng.SuiteRunner.access$000(SuiteRunner.java:28)
at org.testng.SuiteRunner$SuiteWorker.run(SuiteRunner.java:418)
at org.testng.internal.thread.ThreadUtil.lambda$execute$0(ThreadUtil.java:64)
at java.base/java.util.concurrent.FutureTask.run(FutureTask.java:264)
at java.base/java.util.concurrent.ThreadPoolExecutor.runWorker(ThreadPoolExecutor.java:1136)
at java.base/java.util.concurrent.ThreadPoolExecutor$Worker.run(ThreadPoolExecutor.java:635)
at java.base/java.lang.Thread.run(Thread.java:833)
]]>
            </full-stacktrace>
          </exception> <!-- java.lang.IndexOutOfBoundsException -->
          <reporter-output>
          </reporter-output>
        </test-method> <!-- ICCRankings -->
        <test-method signature="QSpidersDynamicdropdown()[pri:0, instance:Sample.Test2@1807f5a7]" started-at="2023-08-23T11:15:21 IST" name="QSpidersDynamicdropdown" finished-at="2023-08-23T11:15:34 IST" duration-ms="12468" status="PASS">
          <reporter-output>
          </reporter-output>
        </test-method> <!-- QSpidersDynamicdropdown -->
      </class> <!-- Sample.Test2 -->
    </test> <!-- Test2 -->
    <test started-at="2023-08-23T11:14:59 IST" name="Test1" finished-at="2023-08-23T11:15:38 IST" duration-ms="38526">
      <class name="Sample.Test2">
        <test-method signature="SwagLabs()[pri:0, instance:Sample.Test2@536f2a7e]" started-at="2023-08-23T11:15:00 IST" name="SwagLabs" finished-at="2023-08-23T11:15:38 IST" duration-ms="38461" status="PASS">
          <reporter-output>
          </reporter-output>
        </test-method> <!-- SwagLabs -->
      </class> <!-- Sample.Test2 -->
    </test> <!-- Test1 -->
  </suite> <!-- Suite -->
</testng-results>
