<?xml version="1.0" encoding="UTF-8"?>
<!-- Generated by org.testng.reporters.JUnitXMLReporter -->
<testsuite ignored="3" hostname="DESKTOP-0PLJKRS" failures="0" tests="1" name="Test1" time="38.526" errors="0" timestamp="2023-08-23T11:15:38 IST">
  <testcase classname="Sample.Test2" name="SwagLabs" time="38.461"/>
  <testcase classname="Sample.Test2" name="QSpidersDynamicdropdown" time="0.0">
    <ignored/>
  </testcase> <!-- QSpidersDynamicdropdown -->
  <testcase classname="Sample.Test2" name="Brokenlinks" time="0.0">
    <ignored/>
  </testcase> <!-- Brokenlinks -->
  <testcase classname="Sample.Test2" name="ICCRankings" time="0.0">
    <ignored/>
  </testcase> <!-- ICCRankings -->
</testsuite> <!-- Test1 -->
