<?xml version="1.0" encoding="UTF-8"?>
<!-- Generated by org.testng.reporters.JUnitXMLReporter -->
<testsuite ignored="1" hostname="DESKTOP-0PLJKRS" failures="1" tests="3" name="Test" time="51.204" errors="0" timestamp="2023-09-10T05:36:27 IST">
  <testcase classname="Sample.Test2" name="QSpidersDynamicdropdown" time="33.422"/>
  <testcase classname="Sample.Test2" name="ICCRankings" time="36.899">
    <failure type="java.lang.IndexOutOfBoundsException" message="Index 10 out of bounds for length 1">
      <![CDATA[java.lang.IndexOutOfBoundsException: Index 10 out of bounds for length 1
at java.base/jdk.internal.util.Preconditions.outOfBounds(Preconditions.java:64)
at java.base/jdk.internal.util.Preconditions.outOfBoundsCheckIndex(Preconditions.java:70)
at java.base/jdk.internal.util.Preconditions.checkIndex(Preconditions.java:266)
at java.base/java.util.Objects.checkIndex(Objects.java:359)
at java.base/java.util.ArrayList.get(ArrayList.java:427)
at Sample.Test2.ICCRankings(Test2.java:172)
at java.base/java.util.concurrent.ThreadPoolExecutor.runWorker(ThreadPoolExecutor.java:1136)
at java.base/java.util.concurrent.ThreadPoolExecutor$Worker.run(ThreadPoolExecutor.java:635)
at java.base/java.lang.Thread.run(Thread.java:833)
... Removed 12 stack frames]]>
    </failure>
  </testcase> <!-- ICCRankings -->
  <testcase classname="Sample.Test2" name="SwagLabs" time="51.139"/>
  <testcase classname="Sample.Test2" name="Brokenlinks" time="0.0">
    <ignored/>
  </testcase> <!-- Brokenlinks -->
</testsuite> <!-- Test -->
